{"C:\\Users\\Ivan\\Desktop\\Carpeta personal\\Proyectos\\Curso React\\14-aplicacion-full-stack\\rest-api-node-ts-server\\src\\router.ts": {"path":"C:\\Users\\Ivan\\Desktop\\Carpeta personal\\Proyectos\\Curso React\\14-aplicacion-full-stack\\rest-api-node-ts-server\\src\\router.ts","statementMap":{"0":{"start":{"line":1,"column":0},"end":{"line":1,"column":33}},"1":{"start":{"line":2,"column":0},"end":{"line":2,"column":48}},"2":{"start":{"line":3,"column":0},"end":{"line":3,"column":null}},"3":{"start":{"line":11,"column":0},"end":{"line":11,"column":49}},"4":{"start":{"line":13,"column":23},"end":{"line":13,"column":31}},"5":{"start":{"line":16,"column":0},"end":{"line":16,"column":29}},"6":{"start":{"line":17,"column":0},"end":{"line":22,"column":2}},"7":{"start":{"line":24,"column":0},"end":{"line":37,"column":2}},"8":{"start":{"line":33,"column":23},"end":{"line":33,"column":32}},"9":{"start":{"line":40,"column":0},"end":{"line":56,"column":2}},"10":{"start":{"line":49,"column":23},"end":{"line":49,"column":32}},"11":{"start":{"line":59,"column":0},"end":{"line":64,"column":2}},"12":{"start":{"line":66,"column":0},"end":{"line":71,"column":2}},"13":{"start":{"line":73,"column":0},"end":{"line":73,"column":22}}},"fnMap":{"0":{"name":"(anonymous_0)","decl":{"start":{"line":33,"column":12},"end":{"line":33,"column":13}},"loc":{"start":{"line":33,"column":23},"end":{"line":33,"column":32}}},"1":{"name":"(anonymous_1)","decl":{"start":{"line":49,"column":12},"end":{"line":49,"column":13}},"loc":{"start":{"line":49,"column":23},"end":{"line":49,"column":32}}}},"branchMap":{},"s":{"0":2,"1":2,"2":2,"3":2,"4":2,"5":2,"6":2,"7":2,"8":4,"9":2,"10":5,"11":2,"12":2,"13":2},"f":{"0":4,"1":5},"b":{}}
,"C:\\Users\\Ivan\\Desktop\\Carpeta personal\\Proyectos\\Curso React\\14-aplicacion-full-stack\\rest-api-node-ts-server\\src\\server.ts": {"path":"C:\\Users\\Ivan\\Desktop\\Carpeta personal\\Proyectos\\Curso React\\14-aplicacion-full-stack\\rest-api-node-ts-server\\src\\server.ts","statementMap":{"0":{"start":{"line":7,"column":0},"end":{"line":7,"column":7}},"1":{"start":{"line":1,"column":0},"end":{"line":1,"column":28}},"2":{"start":{"line":2,"column":0},"end":{"line":2,"column":30}},"3":{"start":{"line":3,"column":0},"end":{"line":3,"column":29}},"4":{"start":{"line":4,"column":0},"end":{"line":4,"column":30}},"5":{"start":{"line":8,"column":2},"end":{"line":14,"column":3}},"6":{"start":{"line":9,"column":4},"end":{"line":9,"column":28}},"7":{"start":{"line":10,"column":4},"end":{"line":10,"column":14}},"8":{"start":{"line":11,"column":4},"end":{"line":11,"column":71}},"9":{"start":{"line":13,"column":4},"end":{"line":13,"column":80}},"10":{"start":{"line":17,"column":0},"end":{"line":17,"column":12}},"11":{"start":{"line":20,"column":15},"end":{"line":20,"column":24}},"12":{"start":{"line":23,"column":0},"end":{"line":23,"column":27}},"13":{"start":{"line":25,"column":0},"end":{"line":25,"column":36}},"14":{"start":{"line":27,"column":0},"end":{"line":29,"column":3}},"15":{"start":{"line":28,"column":2},"end":{"line":28,"column":39}},"16":{"start":{"line":31,"column":0},"end":{"line":31,"column":22}}},"fnMap":{"0":{"name":"connectDB","decl":{"start":{"line":7,"column":22},"end":{"line":7,"column":31}},"loc":{"start":{"line":7,"column":31},"end":{"line":15,"column":1}}},"1":{"name":"(anonymous_2)","decl":{"start":{"line":27,"column":19},"end":{"line":27,"column":20}},"loc":{"start":{"line":27,"column":32},"end":{"line":29,"column":1}}}},"branchMap":{},"s":{"0":2,"1":2,"2":2,"3":2,"4":2,"5":3,"6":3,"7":2,"8":2,"9":1,"10":2,"11":2,"12":2,"13":2,"14":2,"15":1,"16":2},"f":{"0":3,"1":1},"b":{}}
,"C:\\Users\\Ivan\\Desktop\\Carpeta personal\\Proyectos\\Curso React\\14-aplicacion-full-stack\\rest-api-node-ts-server\\src\\config\\db.ts": {"path":"C:\\Users\\Ivan\\Desktop\\Carpeta personal\\Proyectos\\Curso React\\14-aplicacion-full-stack\\rest-api-node-ts-server\\src\\config\\db.ts","statementMap":{"0":{"start":{"line":1,"column":0},"end":{"line":1,"column":28}},"1":{"start":{"line":2,"column":0},"end":{"line":2,"column":49}},"2":{"start":{"line":3,"column":0},"end":{"line":3,"column":16}},"3":{"start":{"line":5,"column":11},"end":{"line":7,"column":2}},"4":{"start":{"line":9,"column":0},"end":{"line":9,"column":18}}},"fnMap":{},"branchMap":{},"s":{"0":2,"1":2,"2":2,"3":2,"4":2},"f":{},"b":{}}
,"C:\\Users\\Ivan\\Desktop\\Carpeta personal\\Proyectos\\Curso React\\14-aplicacion-full-stack\\rest-api-node-ts-server\\src\\handlers\\product.ts": {"path":"C:\\Users\\Ivan\\Desktop\\Carpeta personal\\Proyectos\\Curso React\\14-aplicacion-full-stack\\rest-api-node-ts-server\\src\\handlers\\product.ts","statementMap":{"0":{"start":{"line":2,"column":0},"end":{"line":2,"column":46}},"1":{"start":{"line":4,"column":27},"end":{"line":10,"column":1}},"2":{"start":{"line":5,"column":19},"end":{"line":8,"column":4}},"3":{"start":{"line":9,"column":2},"end":{"line":9,"column":31}},"4":{"start":{"line":4,"column":13},"end":{"line":4,"column":27}},"5":{"start":{"line":12,"column":29},"end":{"line":15,"column":1}},"6":{"start":{"line":13,"column":18},"end":{"line":13,"column":48}},"7":{"start":{"line":14,"column":2},"end":{"line":14,"column":42}},"8":{"start":{"line":12,"column":13},"end":{"line":12,"column":29}},"9":{"start":{"line":17,"column":31},"end":{"line":29,"column":1}},"10":{"start":{"line":18,"column":17},"end":{"line":18,"column":27}},"11":{"start":{"line":19,"column":18},"end":{"line":21,"column":4}},"12":{"start":{"line":23,"column":2},"end":{"line":26,"column":3}},"13":{"start":{"line":24,"column":4},"end":{"line":24,"column":62}},"14":{"start":{"line":25,"column":4},"end":{"line":25,"column":11}},"15":{"start":{"line":28,"column":2},"end":{"line":28,"column":30}},"16":{"start":{"line":17,"column":13},"end":{"line":17,"column":31}},"17":{"start":{"line":32,"column":29},"end":{"line":46,"column":1}},"18":{"start":{"line":33,"column":17},"end":{"line":33,"column":27}},"19":{"start":{"line":34,"column":18},"end":{"line":34,"column":44}},"20":{"start":{"line":36,"column":2},"end":{"line":39,"column":3}},"21":{"start":{"line":37,"column":4},"end":{"line":37,"column":62}},"22":{"start":{"line":38,"column":4},"end":{"line":38,"column":11}},"23":{"start":{"line":42,"column":2},"end":{"line":42,"column":33}},"24":{"start":{"line":43,"column":2},"end":{"line":43,"column":23}},"25":{"start":{"line":45,"column":2},"end":{"line":45,"column":30}},"26":{"start":{"line":32,"column":13},"end":{"line":32,"column":29}},"27":{"start":{"line":49,"column":34},"end":{"line":65,"column":1}},"28":{"start":{"line":50,"column":17},"end":{"line":50,"column":27}},"29":{"start":{"line":51,"column":18},"end":{"line":51,"column":44}},"30":{"start":{"line":53,"column":2},"end":{"line":56,"column":3}},"31":{"start":{"line":54,"column":4},"end":{"line":54,"column":62}},"32":{"start":{"line":55,"column":4},"end":{"line":55,"column":11}},"33":{"start":{"line":61,"column":2},"end":{"line":61,"column":58}},"34":{"start":{"line":62,"column":2},"end":{"line":62,"column":23}},"35":{"start":{"line":64,"column":2},"end":{"line":64,"column":30}},"36":{"start":{"line":49,"column":13},"end":{"line":49,"column":34}},"37":{"start":{"line":67,"column":33},"end":{"line":78,"column":1}},"38":{"start":{"line":68,"column":17},"end":{"line":68,"column":27}},"39":{"start":{"line":69,"column":18},"end":{"line":69,"column":44}},"40":{"start":{"line":71,"column":2},"end":{"line":74,"column":3}},"41":{"start":{"line":72,"column":4},"end":{"line":72,"column":62}},"42":{"start":{"line":73,"column":4},"end":{"line":73,"column":11}},"43":{"start":{"line":76,"column":2},"end":{"line":76,"column":26}},"44":{"start":{"line":77,"column":2},"end":{"line":77,"column":43}},"45":{"start":{"line":67,"column":13},"end":{"line":67,"column":33}}},"fnMap":{"0":{"name":"(anonymous_1)","decl":{"start":{"line":4,"column":27},"end":{"line":4,"column":32}},"loc":{"start":{"line":4,"column":65},"end":{"line":10,"column":1}}},"1":{"name":"(anonymous_2)","decl":{"start":{"line":12,"column":29},"end":{"line":12,"column":34}},"loc":{"start":{"line":12,"column":67},"end":{"line":15,"column":1}}},"2":{"name":"(anonymous_3)","decl":{"start":{"line":17,"column":31},"end":{"line":17,"column":36}},"loc":{"start":{"line":17,"column":69},"end":{"line":29,"column":1}}},"3":{"name":"(anonymous_4)","decl":{"start":{"line":32,"column":29},"end":{"line":32,"column":34}},"loc":{"start":{"line":32,"column":67},"end":{"line":46,"column":1}}},"4":{"name":"(anonymous_5)","decl":{"start":{"line":49,"column":34},"end":{"line":49,"column":39}},"loc":{"start":{"line":49,"column":72},"end":{"line":65,"column":1}}},"5":{"name":"(anonymous_6)","decl":{"start":{"line":67,"column":33},"end":{"line":67,"column":38}},"loc":{"start":{"line":67,"column":71},"end":{"line":78,"column":1}}}},"branchMap":{"0":{"loc":{"start":{"line":23,"column":2},"end":{"line":26,"column":3}},"type":"if","locations":[{"start":{"line":23,"column":2},"end":{"line":26,"column":3}}]},"1":{"loc":{"start":{"line":36,"column":2},"end":{"line":39,"column":3}},"type":"if","locations":[{"start":{"line":36,"column":2},"end":{"line":39,"column":3}}]},"2":{"loc":{"start":{"line":53,"column":2},"end":{"line":56,"column":3}},"type":"if","locations":[{"start":{"line":53,"column":2},"end":{"line":56,"column":3}}]},"3":{"loc":{"start":{"line":71,"column":2},"end":{"line":74,"column":3}},"type":"if","locations":[{"start":{"line":71,"column":2},"end":{"line":74,"column":3}}]}},"s":{"0":2,"1":2,"2":2,"3":2,"4":2,"5":2,"6":1,"7":1,"8":2,"9":2,"10":2,"11":2,"12":2,"13":1,"14":1,"15":1,"16":2,"17":2,"18":2,"19":2,"20":2,"21":1,"22":1,"23":1,"24":1,"25":1,"26":2,"27":2,"28":2,"29":2,"30":2,"31":1,"32":1,"33":1,"34":1,"35":1,"36":2,"37":2,"38":2,"39":2,"40":2,"41":1,"42":1,"43":1,"44":1,"45":2},"f":{"0":2,"1":1,"2":2,"3":2,"4":2,"5":2},"b":{"0":[1],"1":[1],"2":[1],"3":[1]}}
,"C:\\Users\\Ivan\\Desktop\\Carpeta personal\\Proyectos\\Curso React\\14-aplicacion-full-stack\\rest-api-node-ts-server\\src\\middleware\\index.ts": {"path":"C:\\Users\\Ivan\\Desktop\\Carpeta personal\\Proyectos\\Curso React\\14-aplicacion-full-stack\\rest-api-node-ts-server\\src\\middleware\\index.ts","statementMap":{"0":{"start":{"line":2,"column":0},"end":{"line":2,"column":53}},"1":{"start":{"line":4,"column":33},"end":{"line":16,"column":1}},"2":{"start":{"line":9,"column":15},"end":{"line":9,"column":36}},"3":{"start":{"line":10,"column":2},"end":{"line":13,"column":3}},"4":{"start":{"line":11,"column":4},"end":{"line":11,"column":53}},"5":{"start":{"line":12,"column":4},"end":{"line":12,"column":11}},"6":{"start":{"line":15,"column":2},"end":{"line":15,"column":9}},"7":{"start":{"line":4,"column":13},"end":{"line":4,"column":33}}},"fnMap":{"0":{"name":"(anonymous_0)","decl":{"start":{"line":4,"column":33},"end":{"line":4,"column":null}},"loc":{"start":{"line":8,"column":4},"end":{"line":16,"column":1}}}},"branchMap":{"0":{"loc":{"start":{"line":10,"column":2},"end":{"line":13,"column":3}},"type":"if","locations":[{"start":{"line":10,"column":2},"end":{"line":13,"column":3}}]}},"s":{"0":2,"1":2,"2":18,"3":18,"4":9,"5":9,"6":9,"7":2},"f":{"0":18},"b":{"0":[9]}}
,"C:\\Users\\Ivan\\Desktop\\Carpeta personal\\Proyectos\\Curso React\\14-aplicacion-full-stack\\rest-api-node-ts-server\\src\\models\\Product.model.ts": {"path":"C:\\Users\\Ivan\\Desktop\\Carpeta personal\\Proyectos\\Curso React\\14-aplicacion-full-stack\\rest-api-node-ts-server\\src\\models\\Product.model.ts","statementMap":{"0":{"start":{"line":1,"column":0},"end":{"line":1,"column":79}},"1":{"start":{"line":7,"column":0},"end":{"line":23,"column":null}},"2":{"start":{"line":11,"column":10},"end":{"line":11,"column":null}},"3":{"start":{"line":16,"column":10},"end":{"line":16,"column":null}},"4":{"start":{"line":22,"column":10},"end":{"line":22,"column":null}},"5":{"start":{"line":7,"column":6},"end":{"line":23,"column":null}},"6":{"start":{"line":25,"column":0},"end":{"line":25,"column":23}}},"fnMap":{},"branchMap":{},"s":{"0":3,"1":3,"2":3,"3":3,"4":3,"5":3,"6":3},"f":{},"b":{}}
}
